Using pre-set license
Built from '2021.1/staging' branch; Version is '2021.1.13f1 (a03098edbbe0) revision 10498200'; Using compiler version '192528614'; Build Type 'Release'
OS: 'Windows 10 Home; OS build 22000.434; Version 2009; 64bit' Language: 'en' Physical Memory: 15789 MB
BatchMode: 1, IsHumanControllingUs: 0, StartBugReporterOnCrash: 0, Is64bit: 1, IsPro: 0

 COMMAND LINE ARGUMENTS:
C:\Program Files\Unity\Hub\Editor\2021.1.13f1\Editor\Unity.exe
-adb2
-batchMode
-noUpm
-name
AssetImportWorker0
-projectPath
C:/Unity Projects/My Own World
-logFile
Logs/AssetImportWorker0.log
-srvPort
49865
Successfully changed project path to: C:/Unity Projects/My Own World
C:/Unity Projects/My Own World
Using Asset Import Pipeline V2.
Refreshing native plugins compatible for Editor in 314.21 ms, found 3 plugins.
Preloading 0 native plugins for Editor in 0.00 ms.
Initialize engine version: 2021.1.13f1 (a03098edbbe0)
[Subsystems] Discovering subsystems at path C:/Program Files/Unity/Hub/Editor/2021.1.13f1/Editor/Data/Resources/UnitySubsystems
[Subsystems] Discovering subsystems at path C:/Unity Projects/My Own World/Assets
GfxDevice: creating device client; threaded=0; jobified=0
Direct3D:
    Version:  Direct3D 11.0 [level 11.1]
    Renderer: NVIDIA GeForce GTX 1660 Ti (ID=0x2191)
    Vendor:   NVIDIA
    VRAM:     5991 MB
    Driver:   27.21.14.6172
Initialize mono
Mono path[0] = 'C:/Program Files/Unity/Hub/Editor/2021.1.13f1/Editor/Data/Managed'
Mono path[1] = 'C:/Program Files/Unity/Hub/Editor/2021.1.13f1/Editor/Data/MonoBleedingEdge/lib/mono/unityjit'
Mono config path = 'C:/Program Files/Unity/Hub/Editor/2021.1.13f1/Editor/Data/MonoBleedingEdge/etc'
Using monoOptions --debugger-agent=transport=dt_socket,embedding=1,server=y,suspend=n,address=127.0.0.1:56824
Begin MonoManager ReloadAssembly
Registering precompiled unity dll's ...
Register platform support module: C:/Program Files/Unity/Hub/Editor/2021.1.13f1/Editor/Data/PlaybackEngines/WebGLSupport/UnityEditor.WebGL.Extensions.dll
Register platform support module: C:/Program Files/Unity/Hub/Editor/2021.1.13f1/Editor/Data/PlaybackEngines/WindowsStandaloneSupport/UnityEditor.WindowsStandalone.Extensions.dll
Registered in 0.003076 seconds.
Native extension for WindowsStandalone target not found
Native extension for WebGL target not found
Refreshing native plugins compatible for Editor in 363.89 ms, found 3 plugins.
Preloading 0 native plugins for Editor in 0.00 ms.
Mono: successfully reloaded assembly
- Completed reload, in  3.643 seconds
Domain Reload Profiling:
	ReloadAssembly (3644ms)
		BeginReloadAssembly (71ms)
			ExecutionOrderSort (0ms)
			DisableScriptedObjects (0ms)
			BackupInstance (0ms)
			ReleaseScriptingObjects (0ms)
			CreateAndSetChildDomain (1ms)
		EndReloadAssembly (903ms)
			LoadAssemblies (69ms)
			RebuildTransferFunctionScriptingTraits (0ms)
			SetupTypeCache (212ms)
			ReleaseScriptCaches (0ms)
			RebuildScriptCaches (45ms)
			SetupLoadedEditorAssemblies (577ms)
				LogAssemblyErrors (0ms)
				InitializePlatformSupportModulesInManaged (11ms)
				SetLoadedEditorAssemblies (0ms)
				RefreshPlugins (364ms)
				BeforeProcessingInitializeOnLoad (2ms)
				ProcessInitializeOnLoadAttributes (137ms)
				ProcessInitializeOnLoadMethodAttributes (64ms)
				AfterProcessingInitializeOnLoad (0ms)
				EditorAssembliesLoaded (0ms)
			ExecutionOrderSort2 (0ms)
			AwakeInstancesAfterBackupRestoration (0ms)
Platform modules already initialized, skipping
Registering precompiled user dll's ...
Registered in 0.017694 seconds.
Begin MonoManager ReloadAssembly
Symbol file LoadedFromMemory doesn't match image C:\Unity Projects\My Own World\Library\PackageCache\com.unity.visualscripting@1.6.1\Editor\VisualScripting.Core\Dependencies\YamlDotNet\Unity.VisualScripting.YamlDotNet.dll
Symbol file LoadedFromMemory doesn't match image C:\Unity Projects\My Own World\Library\PackageCache\com.unity.visualscripting@1.6.1\Editor\VisualScripting.Core\Dependencies\DotNetZip\Unity.VisualScripting.IonicZip.dll
Native extension for WindowsStandalone target not found
Native extension for WebGL target not found
Refreshing native plugins compatible for Editor in 2.76 ms, found 3 plugins.
Preloading 0 native plugins for Editor in 0.00 ms.
Mono: successfully reloaded assembly
- Completed reload, in  1.471 seconds
Domain Reload Profiling:
	ReloadAssembly (1471ms)
		BeginReloadAssembly (192ms)
			ExecutionOrderSort (0ms)
			DisableScriptedObjects (5ms)
			BackupInstance (0ms)
			ReleaseScriptingObjects (0ms)
			CreateAndSetChildDomain (25ms)
		EndReloadAssembly (1195ms)
			LoadAssemblies (115ms)
			RebuildTransferFunctionScriptingTraits (0ms)
			SetupTypeCache (428ms)
			ReleaseScriptCaches (1ms)
			RebuildScriptCaches (75ms)
			SetupLoadedEditorAssemblies (452ms)
				LogAssemblyErrors (0ms)
				InitializePlatformSupportModulesInManaged (8ms)
				SetLoadedEditorAssemblies (1ms)
				RefreshPlugins (3ms)
				BeforeProcessingInitializeOnLoad (92ms)
				ProcessInitializeOnLoadAttributes (335ms)
				ProcessInitializeOnLoadMethodAttributes (6ms)
				AfterProcessingInitializeOnLoad (7ms)
				EditorAssembliesLoaded (0ms)
			ExecutionOrderSort2 (0ms)
			AwakeInstancesAfterBackupRestoration (9ms)
Platform modules already initialized, skipping
========================================================================
Worker process is ready to serve import requests
Launched and connected shader compiler UnityShaderCompiler.exe after 0.07 seconds
Refreshing native plugins compatible for Editor in 2.50 ms, found 3 plugins.
Preloading 0 native plugins for Editor in 0.00 ms.
Unloading 3141 Unused Serialized files (Serialized files now loaded: 0)
System memory in use before: 137.5 MB.
System memory in use after: 137.6 MB.

Unloading 24 unused Assets to reduce memory usage. Loaded Objects now: 3616.
Total: 4.120000 ms (FindLiveObjects: 0.440100 ms CreateObjectMapping: 0.242500 ms MarkObjects: 3.267800 ms  DeleteObjects: 0.167500 ms)

AssetImportParameters requested are different than current active one (requested -> active):
  custom:framework-win-MediaFoundation: 216162199b28c13a410421893ffa2e32 -> 
  custom:video-decoder-ogg-theora: a1e56fd34408186e4bbccfd4996cb3dc -> 
  custom:container-muxer-webm: aa71ff27fc2769a1b78a27578f13a17b -> 
  custom:container-demuxer-webm: 4f35f7cbe854078d1ac9338744f61a02 -> 
  custom:container-demuxer-ogg: 62fdf1f143b41e24485cea50d1cbac27 -> 
  custom:video-encoder-webm-vp8: eb34c28f22e8b96e1ab97ce403110664 -> 
  custom:video-codec-MediaFoundation-h265: 746d11721c4dcdbdad8f713fa42b33f4 -> 
  custom:video-decoder-webm-vp8: 9c59270c3fd7afecdb556c50c9e8de78 -> 
  custom:audio-decoder-ogg-vorbis: bf7c407c2cedff20999df2af8eb42d56 -> 
  custom:audio-encoder-webm-vorbis: bf7c407c2cedff20999df2af8eb42d56 -> 
========================================================================
Received Import Request.
  path: Assets/Game (Prefabs)/Core/Progression.asset
  artifactKey: Guid(b89ca576bf75ba34aaf0be2d25ea5449) Importer(815301076,1909f56bfc062723c751e8b465ee728b)
Start importing Assets/Game (Prefabs)/Core/Progression.asset using Guid(b89ca576bf75ba34aaf0be2d25ea5449) Importer(815301076,1909f56bfc062723c751e8b465ee728b)  -> (artifact id: '55da8616724ef87bda3e24b41996fe40') in 0.041067 seconds 
========================================================================
Received Import Request.
  Time since last request: 34.183151 seconds.
  path: Assets/Game (Prefabs)/Core/Progression.asset
  artifactKey: Guid(b89ca576bf75ba34aaf0be2d25ea5449) Importer(815301076,1909f56bfc062723c751e8b465ee728b)
Start importing Assets/Game (Prefabs)/Core/Progression.asset using Guid(b89ca576bf75ba34aaf0be2d25ea5449) Importer(815301076,1909f56bfc062723c751e8b465ee728b)  -> (artifact id: 'b3ed541c75d81453b808f5f9ba3c5816') in 0.005334 seconds 
========================================================================
Received Import Request.
  Time since last request: 44.777017 seconds.
  path: Assets/Game (Prefabs)/Core/Progression.asset
  artifactKey: Guid(b89ca576bf75ba34aaf0be2d25ea5449) Importer(815301076,1909f56bfc062723c751e8b465ee728b)
Start importing Assets/Game (Prefabs)/Core/Progression.asset using Guid(b89ca576bf75ba34aaf0be2d25ea5449) Importer(815301076,1909f56bfc062723c751e8b465ee728b)  -> (artifact id: '42c516064f382945432f45ce70bfa5b5') in 0.004899 seconds 
========================================================================
Received Import Request.
  Time since last request: 49.066002 seconds.
  path: Assets/Game (Prefabs)/Core/Progression.asset
  artifactKey: Guid(b89ca576bf75ba34aaf0be2d25ea5449) Importer(815301076,1909f56bfc062723c751e8b465ee728b)
Start importing Assets/Game (Prefabs)/Core/Progression.asset using Guid(b89ca576bf75ba34aaf0be2d25ea5449) Importer(815301076,1909f56bfc062723c751e8b465ee728b)  -> (artifact id: '65738f16561845f6a93ee2d3ae260edc') in 0.004945 seconds 
========================================================================
Received Import Request.
  Time since last request: 196.109910 seconds.
  path: Assets/Game (Prefabs)/Core/Progression.asset
  artifactKey: Guid(b89ca576bf75ba34aaf0be2d25ea5449) Importer(815301076,1909f56bfc062723c751e8b465ee728b)
Start importing Assets/Game (Prefabs)/Core/Progression.asset using Guid(b89ca576bf75ba34aaf0be2d25ea5449) Importer(815301076,1909f56bfc062723c751e8b465ee728b)  -> (artifact id: '3c06be7d269c96df80b80449e164841c') in 0.004453 seconds 
========================================================================
Received Import Request.
  Time since last request: 35.409419 seconds.
  path: Assets/Game (Prefabs)/Core/Progression.asset
  artifactKey: Guid(b89ca576bf75ba34aaf0be2d25ea5449) Importer(815301076,1909f56bfc062723c751e8b465ee728b)
Start importing Assets/Game (Prefabs)/Core/Progression.asset using Guid(b89ca576bf75ba34aaf0be2d25ea5449) Importer(815301076,1909f56bfc062723c751e8b465ee728b)  -> (artifact id: '3ccde7ed0688220db6a97e6a580a9927') in 0.006207 seconds 
========================================================================
Received Import Request.
  Time since last request: 28.278315 seconds.
  path: Assets/Game (Prefabs)/Core/Progression.asset
  artifactKey: Guid(b89ca576bf75ba34aaf0be2d25ea5449) Importer(815301076,1909f56bfc062723c751e8b465ee728b)
Start importing Assets/Game (Prefabs)/Core/Progression.asset using Guid(b89ca576bf75ba34aaf0be2d25ea5449) Importer(815301076,1909f56bfc062723c751e8b465ee728b)  -> (artifact id: '236fa61a48b912cef098d8ab649dcda5') in 0.005544 seconds 
========================================================================
Received Import Request.
  Time since last request: 49.684565 seconds.
  path: Assets/Game (Prefabs)/Core/Progression.asset
  artifactKey: Guid(b89ca576bf75ba34aaf0be2d25ea5449) Importer(815301076,1909f56bfc062723c751e8b465ee728b)
Start importing Assets/Game (Prefabs)/Core/Progression.asset using Guid(b89ca576bf75ba34aaf0be2d25ea5449) Importer(815301076,1909f56bfc062723c751e8b465ee728b)  -> (artifact id: 'e879e42cf624c3c079d397e14a9460a7') in 0.005056 seconds 
========================================================================
Received Import Request.
  Time since last request: 31.081881 seconds.
  path: Assets/Game (Prefabs)/Core/Progression.asset
  artifactKey: Guid(b89ca576bf75ba34aaf0be2d25ea5449) Importer(815301076,1909f56bfc062723c751e8b465ee728b)
Start importing Assets/Game (Prefabs)/Core/Progression.asset using Guid(b89ca576bf75ba34aaf0be2d25ea5449) Importer(815301076,1909f56bfc062723c751e8b465ee728b)  -> (artifact id: '87975d5ce4107289b4aa40e0804dbea1') in 0.004937 seconds 
========================================================================
Received Import Request.
  Time since last request: 30.327650 seconds.
  path: Assets/Game (Prefabs)/Core/Progression.asset
  artifactKey: Guid(b89ca576bf75ba34aaf0be2d25ea5449) Importer(815301076,1909f56bfc062723c751e8b465ee728b)
Start importing Assets/Game (Prefabs)/Core/Progression.asset using Guid(b89ca576bf75ba34aaf0be2d25ea5449) Importer(815301076,1909f56bfc062723c751e8b465ee728b)  -> (artifact id: 'ae52fd264ff5a9c5def818ef594f79bc') in 0.006685 seconds 
========================================================================
Received Import Request.
  Time since last request: 93.961591 seconds.
  path: Assets/Game (Prefabs)/Core/Progression.asset
  artifactKey: Guid(b89ca576bf75ba34aaf0be2d25ea5449) Importer(815301076,1909f56bfc062723c751e8b465ee728b)
Start importing Assets/Game (Prefabs)/Core/Progression.asset using Guid(b89ca576bf75ba34aaf0be2d25ea5449) Importer(815301076,1909f56bfc062723c751e8b465ee728b)  -> (artifact id: '8d7ceb5cf3a0efcd250317ca0f2f06ce') in 0.004389 seconds 
========================================================================
Received Import Request.
  Time since last request: 113.041306 seconds.
  path: Assets/Game (Prefabs)/Core/Progression.asset
  artifactKey: Guid(b89ca576bf75ba34aaf0be2d25ea5449) Importer(815301076,1909f56bfc062723c751e8b465ee728b)
Start importing Assets/Game (Prefabs)/Core/Progression.asset using Guid(b89ca576bf75ba34aaf0be2d25ea5449) Importer(815301076,1909f56bfc062723c751e8b465ee728b)  -> (artifact id: 'e9077579758e7fd4010c5392808182eb') in 0.005507 seconds 
========================================================================
Received Import Request.
  Time since last request: 190.882004 seconds.
  path: Assets/Game (Prefabs)/Core/Progression.asset
  artifactKey: Guid(b89ca576bf75ba34aaf0be2d25ea5449) Importer(815301076,1909f56bfc062723c751e8b465ee728b)
Start importing Assets/Game (Prefabs)/Core/Progression.asset using Guid(b89ca576bf75ba34aaf0be2d25ea5449) Importer(815301076,1909f56bfc062723c751e8b465ee728b)  -> (artifact id: '090b6072250f0a8b3360f5931027c461') in 0.004966 seconds 
========================================================================
Received Import Request.
  Time since last request: 186.100510 seconds.
  path: Assets/Game (Prefabs)/Core/Progression.asset
  artifactKey: Guid(b89ca576bf75ba34aaf0be2d25ea5449) Importer(815301076,1909f56bfc062723c751e8b465ee728b)
Start importing Assets/Game (Prefabs)/Core/Progression.asset using Guid(b89ca576bf75ba34aaf0be2d25ea5449) Importer(815301076,1909f56bfc062723c751e8b465ee728b)  -> (artifact id: 'c85886c59da9838523d4b1a39a161042') in 0.006690 seconds 
========================================================================
Received Import Request.
  Time since last request: 36.418454 seconds.
  path: Assets/Game (Prefabs)/Weapons/Resources/Enemy Bow.asset
  artifactKey: Guid(fae1d33d1fd233541b214ec2cdcd8106) Importer(815301076,1909f56bfc062723c751e8b465ee728b)
Start importing Assets/Game (Prefabs)/Weapons/Resources/Enemy Bow.asset using Guid(fae1d33d1fd233541b214ec2cdcd8106) Importer(815301076,1909f56bfc062723c751e8b465ee728b)  -> (artifact id: '2261c913c0826171ccf7a047f4121639') in 0.035473 seconds 
========================================================================
Received Import Request.
  Time since last request: 57.998657 seconds.
  path: Assets/Game (Prefabs)/Weapons/Unarmed/Unarmed Override Controller.overrideController
  artifactKey: Guid(1e220123f6557954ca956fbc7e9e6549) Importer(815301076,1909f56bfc062723c751e8b465ee728b)
Start importing Assets/Game (Prefabs)/Weapons/Unarmed/Unarmed Override Controller.overrideController using Guid(1e220123f6557954ca956fbc7e9e6549) Importer(815301076,1909f56bfc062723c751e8b465ee728b)  -> (artifact id: '00f6843347ea698b8ac5b21960928147') in 0.017545 seconds 
========================================================================
Received Import Request.
  Time since last request: 4.094221 seconds.
  path: Assets/Game (Prefabs)/Weapons/Unarmed/Unarmed.prefab
  artifactKey: Guid(22f2ab3853caf9843821342f20a77cef) Importer(815301076,1909f56bfc062723c751e8b465ee728b)
Start importing Assets/Game (Prefabs)/Weapons/Unarmed/Unarmed.prefab using Guid(22f2ab3853caf9843821342f20a77cef) Importer(815301076,1909f56bfc062723c751e8b465ee728b)  -> (artifact id: '5191a9ab10244a149ef5f04874128ffc') in 0.021188 seconds 
========================================================================
Received Import Request.
  Time since last request: 17.637194 seconds.
  path: Assets/Game (Prefabs)/Weapons/Bow/Player Equipped Bow.prefab
  artifactKey: Guid(1574bed9df550a94da954c2ff4f6ae7b) Importer(815301076,1909f56bfc062723c751e8b465ee728b)
Start importing Assets/Game (Prefabs)/Weapons/Bow/Player Equipped Bow.prefab using Guid(1574bed9df550a94da954c2ff4f6ae7b) Importer(815301076,1909f56bfc062723c751e8b465ee728b)  -> (artifact id: '24a550bdb5a085610c09b0c08cee504e') in 0.245665 seconds 
========================================================================
Received Import Request.
  Time since last request: 42.081760 seconds.
  path: Assets/Game (Prefabs)/Weapons/Fire Ball/Equipped Fire Ball.prefab
  artifactKey: Guid(be3a84a41c303c14db720699a1140a4d) Importer(815301076,1909f56bfc062723c751e8b465ee728b)
Start importing Assets/Game (Prefabs)/Weapons/Fire Ball/Equipped Fire Ball.prefab using Guid(be3a84a41c303c14db720699a1140a4d) Importer(815301076,1909f56bfc062723c751e8b465ee728b)  -> (artifact id: '75edb632c023ece3194bf75b5794fbb4') in 0.080845 seconds 
========================================================================
Received Import Request.
  Time since last request: 69.108297 seconds.
  path: Assets/Game (Prefabs)/Weapons/Resources/Player Bow.asset
  artifactKey: Guid(da7a1f48011f9db4f97196f50ccbe483) Importer(815301076,1909f56bfc062723c751e8b465ee728b)
Start importing Assets/Game (Prefabs)/Weapons/Resources/Player Bow.asset using Guid(da7a1f48011f9db4f97196f50ccbe483) Importer(815301076,1909f56bfc062723c751e8b465ee728b)  -> (artifact id: 'd1a3901be15f2d06b3935b23b82c7a18') in 0.018300 seconds 
========================================================================
Received Import Request.
  Time since last request: 16.941332 seconds.
  path: Assets/Game (Prefabs)/Weapons/Resources/Fire Ball.asset
  artifactKey: Guid(2497e1dfcee323249865016d9a5c0493) Importer(815301076,1909f56bfc062723c751e8b465ee728b)
Start importing Assets/Game (Prefabs)/Weapons/Resources/Fire Ball.asset using Guid(2497e1dfcee323249865016d9a5c0493) Importer(815301076,1909f56bfc062723c751e8b465ee728b)  -> (artifact id: '3a48577e0dc7949cb9c8da9cfdc0806b') in 0.018632 seconds 
========================================================================
Received Prepare
Registering precompiled user dll's ...
Registered in 0.010658 seconds.
Begin MonoManager ReloadAssembly
Symbol file LoadedFromMemory doesn't match image C:\Unity Projects\My Own World\Library\PackageCache\com.unity.visualscripting@1.6.1\Editor\VisualScripting.Core\Dependencies\YamlDotNet\Unity.VisualScripting.YamlDotNet.dll
Symbol file LoadedFromMemory doesn't match image C:\Unity Projects\My Own World\Library\PackageCache\com.unity.visualscripting@1.6.1\Editor\VisualScripting.Core\Dependencies\DotNetZip\Unity.VisualScripting.IonicZip.dll
Native extension for WindowsStandalone target not found
Native extension for WebGL target not found
Refreshing native plugins compatible for Editor in 2.54 ms, found 3 plugins.
Preloading 0 native plugins for Editor in 0.00 ms.
Mono: successfully reloaded assembly
- Completed reload, in  1.304 seconds
Domain Reload Profiling:
	ReloadAssembly (1305ms)
		BeginReloadAssembly (142ms)
			ExecutionOrderSort (0ms)
			DisableScriptedObjects (5ms)
			BackupInstance (0ms)
			ReleaseScriptingObjects (0ms)
			CreateAndSetChildDomain (44ms)
		EndReloadAssembly (1087ms)
			LoadAssemblies (105ms)
			RebuildTransferFunctionScriptingTraits (0ms)
			SetupTypeCache (413ms)
			ReleaseScriptCaches (1ms)
			RebuildScriptCaches (55ms)
			SetupLoadedEditorAssemblies (387ms)
				LogAssemblyErrors (0ms)
				InitializePlatformSupportModulesInManaged (7ms)
				SetLoadedEditorAssemblies (1ms)
				RefreshPlugins (3ms)
				BeforeProcessingInitializeOnLoad (67ms)
				ProcessInitializeOnLoadAttributes (298ms)
				ProcessInitializeOnLoadMethodAttributes (5ms)
				AfterProcessingInitializeOnLoad (8ms)
				EditorAssembliesLoaded (0ms)
			ExecutionOrderSort2 (0ms)
			AwakeInstancesAfterBackupRestoration (8ms)
Platform modules already initialized, skipping
Refreshing native plugins compatible for Editor in 2.47 ms, found 3 plugins.
Preloading 0 native plugins for Editor in 0.00 ms.
Unloading 3133 Unused Serialized files (Serialized files now loaded: 0)
System memory in use before: 140.9 MB.
System memory in use after: 141.1 MB.

Unloading 19 unused Assets to reduce memory usage. Loaded Objects now: 3626.
Total: 3.741200 ms (FindLiveObjects: 0.494100 ms CreateObjectMapping: 0.178400 ms MarkObjects: 2.936100 ms  DeleteObjects: 0.130100 ms)

AssetImportParameters requested are different than current active one (requested -> active):
  custom:framework-win-MediaFoundation: 216162199b28c13a410421893ffa2e32 -> 
  custom:video-decoder-ogg-theora: a1e56fd34408186e4bbccfd4996cb3dc -> 
  custom:container-muxer-webm: aa71ff27fc2769a1b78a27578f13a17b -> 
  custom:container-demuxer-webm: 4f35f7cbe854078d1ac9338744f61a02 -> 
  custom:container-demuxer-ogg: 62fdf1f143b41e24485cea50d1cbac27 -> 
  custom:video-encoder-webm-vp8: eb34c28f22e8b96e1ab97ce403110664 -> 
  custom:video-codec-MediaFoundation-h265: 746d11721c4dcdbdad8f713fa42b33f4 -> 
  custom:video-decoder-webm-vp8: 9c59270c3fd7afecdb556c50c9e8de78 -> 
  custom:audio-decoder-ogg-vorbis: bf7c407c2cedff20999df2af8eb42d56 -> 
  custom:audio-encoder-webm-vorbis: bf7c407c2cedff20999df2af8eb42d56 -> 
========================================================================
Received Import Request.
  Time since last request: 150.514172 seconds.
  path: Assets/Game (Prefabs)/Weapons/Resources/Unarmed.asset
  artifactKey: Guid(991377b185d7b6d47ba3a3930f457f9a) Importer(815301076,1909f56bfc062723c751e8b465ee728b)
Start importing Assets/Game (Prefabs)/Weapons/Resources/Unarmed.asset using Guid(991377b185d7b6d47ba3a3930f457f9a) Importer(815301076,1909f56bfc062723c751e8b465ee728b)  -> (artifact id: 'f76797b1c2481de9220610cfad9f5297') in 0.036202 seconds 
========================================================================
Received Prepare
Registering precompiled user dll's ...
Registered in 0.010174 seconds.
Begin MonoManager ReloadAssembly
Symbol file LoadedFromMemory doesn't match image C:\Unity Projects\My Own World\Library\PackageCache\com.unity.visualscripting@1.6.1\Editor\VisualScripting.Core\Dependencies\YamlDotNet\Unity.VisualScripting.YamlDotNet.dll
Symbol file LoadedFromMemory doesn't match image C:\Unity Projects\My Own World\Library\PackageCache\com.unity.visualscripting@1.6.1\Editor\VisualScripting.Core\Dependencies\DotNetZip\Unity.VisualScripting.IonicZip.dll
Native extension for WindowsStandalone target not found
Native extension for WebGL target not found
Refreshing native plugins compatible for Editor in 2.51 ms, found 3 plugins.
Preloading 0 native plugins for Editor in 0.00 ms.
Mono: successfully reloaded assembly
- Completed reload, in  1.359 seconds
Domain Reload Profiling:
	ReloadAssembly (1359ms)
		BeginReloadAssembly (134ms)
			ExecutionOrderSort (0ms)
			DisableScriptedObjects (5ms)
			BackupInstance (0ms)
			ReleaseScriptingObjects (0ms)
			CreateAndSetChildDomain (44ms)
		EndReloadAssembly (1141ms)
			LoadAssemblies (112ms)
			RebuildTransferFunctionScriptingTraits (0ms)
			SetupTypeCache (436ms)
			ReleaseScriptCaches (1ms)
			RebuildScriptCaches (56ms)
			SetupLoadedEditorAssemblies (404ms)
				LogAssemblyErrors (0ms)
				InitializePlatformSupportModulesInManaged (7ms)
				SetLoadedEditorAssemblies (1ms)
				RefreshPlugins (3ms)
				BeforeProcessingInitializeOnLoad (71ms)
				ProcessInitializeOnLoadAttributes (309ms)
				ProcessInitializeOnLoadMethodAttributes (5ms)
				AfterProcessingInitializeOnLoad (7ms)
				EditorAssembliesLoaded (0ms)
			ExecutionOrderSort2 (0ms)
			AwakeInstancesAfterBackupRestoration (8ms)
Platform modules already initialized, skipping
Refreshing native plugins compatible for Editor in 2.43 ms, found 3 plugins.
Preloading 0 native plugins for Editor in 0.00 ms.
Unloading 3133 Unused Serialized files (Serialized files now loaded: 0)
System memory in use before: 141.0 MB.
System memory in use after: 141.2 MB.

Unloading 19 unused Assets to reduce memory usage. Loaded Objects now: 3629.
Total: 3.927000 ms (FindLiveObjects: 0.491400 ms CreateObjectMapping: 0.298800 ms MarkObjects: 3.002600 ms  DeleteObjects: 0.131900 ms)

AssetImportParameters requested are different than current active one (requested -> active):
  custom:framework-win-MediaFoundation: 216162199b28c13a410421893ffa2e32 -> 
  custom:video-decoder-ogg-theora: a1e56fd34408186e4bbccfd4996cb3dc -> 
  custom:container-muxer-webm: aa71ff27fc2769a1b78a27578f13a17b -> 
  custom:container-demuxer-webm: 4f35f7cbe854078d1ac9338744f61a02 -> 
  custom:container-demuxer-ogg: 62fdf1f143b41e24485cea50d1cbac27 -> 
  custom:video-encoder-webm-vp8: eb34c28f22e8b96e1ab97ce403110664 -> 
  custom:video-codec-MediaFoundation-h265: 746d11721c4dcdbdad8f713fa42b33f4 -> 
  custom:video-decoder-webm-vp8: 9c59270c3fd7afecdb556c50c9e8de78 -> 
  custom:audio-decoder-ogg-vorbis: bf7c407c2cedff20999df2af8eb42d56 -> 
  custom:audio-encoder-webm-vorbis: bf7c407c2cedff20999df2af8eb42d56 -> 
========================================================================
Received Import Request.
  Time since last request: 32.058062 seconds.
  path: Assets/Game (Prefabs)/Weapons/Resources/Unarmed.asset
  artifactKey: Guid(991377b185d7b6d47ba3a3930f457f9a) Importer(815301076,1909f56bfc062723c751e8b465ee728b)
Start importing Assets/Game (Prefabs)/Weapons/Resources/Unarmed.asset using Guid(991377b185d7b6d47ba3a3930f457f9a) Importer(815301076,1909f56bfc062723c751e8b465ee728b)  -> (artifact id: '5678d2041c331ca38045f625e5604f6b') in 0.036827 seconds 
========================================================================
Received Prepare
Registering precompiled user dll's ...
Registered in 0.012442 seconds.
Begin MonoManager ReloadAssembly
Symbol file LoadedFromMemory doesn't match image C:\Unity Projects\My Own World\Library\PackageCache\com.unity.visualscripting@1.6.1\Editor\VisualScripting.Core\Dependencies\YamlDotNet\Unity.VisualScripting.YamlDotNet.dll
Symbol file LoadedFromMemory doesn't match image C:\Unity Projects\My Own World\Library\PackageCache\com.unity.visualscripting@1.6.1\Editor\VisualScripting.Core\Dependencies\DotNetZip\Unity.VisualScripting.IonicZip.dll
Native extension for WindowsStandalone target not found
Native extension for WebGL target not found
Refreshing native plugins compatible for Editor in 2.55 ms, found 3 plugins.
Preloading 0 native plugins for Editor in 0.00 ms.
Mono: successfully reloaded assembly
- Completed reload, in  1.431 seconds
Domain Reload Profiling:
	ReloadAssembly (1431ms)
		BeginReloadAssembly (150ms)
			ExecutionOrderSort (0ms)
			DisableScriptedObjects (6ms)
			BackupInstance (0ms)
			ReleaseScriptingObjects (0ms)
			CreateAndSetChildDomain (46ms)
		EndReloadAssembly (1196ms)
			LoadAssemblies (128ms)
			RebuildTransferFunctionScriptingTraits (0ms)
			SetupTypeCache (468ms)
			ReleaseScriptCaches (2ms)
			RebuildScriptCaches (61ms)
			SetupLoadedEditorAssemblies (411ms)
				LogAssemblyErrors (0ms)
				InitializePlatformSupportModulesInManaged (8ms)
				SetLoadedEditorAssemblies (1ms)
				RefreshPlugins (3ms)
				BeforeProcessingInitializeOnLoad (71ms)
				ProcessInitializeOnLoadAttributes (317ms)
				ProcessInitializeOnLoadMethodAttributes (5ms)
				AfterProcessingInitializeOnLoad (7ms)
				EditorAssembliesLoaded (0ms)
			ExecutionOrderSort2 (0ms)
			AwakeInstancesAfterBackupRestoration (9ms)
Platform modules already initialized, skipping
Refreshing native plugins compatible for Editor in 2.45 ms, found 3 plugins.
Preloading 0 native plugins for Editor in 0.00 ms.
Unloading 3133 Unused Serialized files (Serialized files now loaded: 0)
System memory in use before: 141.0 MB.
System memory in use after: 141.2 MB.

Unloading 19 unused Assets to reduce memory usage. Loaded Objects now: 3632.
Total: 3.937200 ms (FindLiveObjects: 0.366300 ms CreateObjectMapping: 0.152000 ms MarkObjects: 3.282000 ms  DeleteObjects: 0.135200 ms)

AssetImportParameters requested are different than current active one (requested -> active):
  custom:framework-win-MediaFoundation: 216162199b28c13a410421893ffa2e32 -> 
  custom:video-decoder-ogg-theora: a1e56fd34408186e4bbccfd4996cb3dc -> 
  custom:container-muxer-webm: aa71ff27fc2769a1b78a27578f13a17b -> 
  custom:container-demuxer-webm: 4f35f7cbe854078d1ac9338744f61a02 -> 
  custom:container-demuxer-ogg: 62fdf1f143b41e24485cea50d1cbac27 -> 
  custom:video-encoder-webm-vp8: eb34c28f22e8b96e1ab97ce403110664 -> 
  custom:video-codec-MediaFoundation-h265: 746d11721c4dcdbdad8f713fa42b33f4 -> 
  custom:video-decoder-webm-vp8: 9c59270c3fd7afecdb556c50c9e8de78 -> 
  custom:audio-decoder-ogg-vorbis: bf7c407c2cedff20999df2af8eb42d56 -> 
  custom:audio-encoder-webm-vorbis: bf7c407c2cedff20999df2af8eb42d56 -> 
========================================================================
Received Import Request.
  Time since last request: 28.479432 seconds.
  path: Assets/Scripts/Combat/New Folder
  artifactKey: Guid(1c4f1219036378b4997229da9d0dda3a) Importer(815301076,1909f56bfc062723c751e8b465ee728b)
Start importing Assets/Scripts/Combat/New Folder using Guid(1c4f1219036378b4997229da9d0dda3a) Importer(815301076,1909f56bfc062723c751e8b465ee728b)  -> (artifact id: '77698fced8bf7589f606f4cbfcbdd72c') in 0.009122 seconds 
========================================================================
Received Import Request.
  Time since last request: 6.162520 seconds.
  path: Assets/Scripts/Combat/Fighter.cs
  artifactKey: Guid(e63a303a920330b4bb9969d3e92901ba) Importer(815301076,1909f56bfc062723c751e8b465ee728b)
Start importing Assets/Scripts/Combat/Fighter.cs using Guid(e63a303a920330b4bb9969d3e92901ba) Importer(815301076,1909f56bfc062723c751e8b465ee728b)  -> (artifact id: '07696a9b86bbcbef7091b54d015b55d9') in 0.012127 seconds 
========================================================================
Received Import Request.
  Time since last request: 69.060040 seconds.
  path: Assets/Scripts/Combat/Weapon.cs
  artifactKey: Guid(c2f199d04bbb02b489b228baf2b7b6d9) Importer(815301076,1909f56bfc062723c751e8b465ee728b)
Start importing Assets/Scripts/Combat/Weapon.cs using Guid(c2f199d04bbb02b489b228baf2b7b6d9) Importer(815301076,1909f56bfc062723c751e8b465ee728b)  -> (artifact id: 'fe6a4471189406cf3692073ddc0d521b') in 0.004491 seconds 
